This file contains any messages produced by compilers while
running configure, to aid debugging if configure makes a mistake.

It was created by configure, which was
generated by GNU Autoconf 2.63.  Invocation command line was

  $ ./configure --disable-option-checking --prefix=/usr/local --cache-file=/dev/null --srcdir=.

## --------- ##
## Platform. ##
## --------- ##

hostname = c6dn32.localdomain
uname -m = i686
uname -r = 2.6.32-358.el6.i686
uname -s = Linux
uname -v = #1 SMP Thu Feb 21 21:50:49 UTC 2013

/usr/bin/uname -p = unknown
/bin/uname -X     = unknown

/bin/arch              = i686
/usr/bin/arch -k       = unknown
/usr/convex/getsysinfo = unknown
/usr/bin/hostinfo      = unknown
/bin/machine           = unknown
/usr/bin/oslevel       = unknown
/bin/universe          = unknown

PATH: /usr/local/sbin
PATH: /usr/local/bin
PATH: /sbin
PATH: /bin
PATH: /usr/sbin
PATH: /usr/bin
PATH: /root/bin


## ----------- ##
## Core tests. ##
## ----------- ##

configure:2013: checking for g++
configure:2029: found /usr/bin/g++
configure:2040: result: g++
configure:2067: checking for C++ compiler version
configure:2075: g++ --version >&5
g++ (GCC) 4.4.7 20120313 (Red Hat 4.4.7-3)
Copyright (C) 2010 Free Software Foundation, Inc.
This is free software; see the source for copying conditions.  There is NO
warranty; not even for MERCHANTABILITY or FITNESS FOR A PARTICULAR PURPOSE.

configure:2079: $? = 0
configure:2086: g++ -v >&5
Using built-in specs.
Target: i686-redhat-linux
Configured with: ../configure --prefix=/usr --mandir=/usr/share/man --infodir=/usr/share/info --with-bugurl=http://bugzilla.redhat.com/bugzilla --enable-bootstrap --enable-shared --enable-threads=posix --enable-checking=release --with-system-zlib --enable-__cxa_atexit --disable-libunwind-exceptions --enable-gnu-unique-object --enable-languages=c,c++,objc,obj-c++,java,fortran,ada --enable-java-awt=gtk --disable-dssi --with-java-home=/usr/lib/jvm/java-1.5.0-gcj-1.5.0.0/jre --enable-libgcj-multifile --enable-java-maintainer-mode --with-ecj-jar=/usr/share/java/eclipse-ecj.jar --disable-libjava-multilib --with-ppl --with-cloog --with-tune=generic --with-arch=i686 --build=i686-redhat-linux
Thread model: posix
gcc version 4.4.7 20120313 (Red Hat 4.4.7-3) (GCC) 
configure:2090: $? = 0
configure:2097: g++ -V >&5
g++: '-V' option must have argument
configure:2101: $? = 1
configure:2124: checking for C++ compiler default output file name
configure:2146: g++   -I/opt/include -I/opt/openmcu-ru/include -I/usr/include -I/usr/local/include  -L/opt/lib -L/opt/openmcu-ru/lib -L/usr/lib -L/usr/local/lib conftest.cpp  >&5
configure:2150: $? = 0
configure:2188: result: a.out
configure:2207: checking whether the C++ compiler works
configure:2217: ./a.out
configure:2221: $? = 0
configure:2240: result: yes
configure:2247: checking whether we are cross compiling
configure:2249: result: no
configure:2252: checking for suffix of executables
configure:2259: g++ -o conftest   -I/opt/include -I/opt/openmcu-ru/include -I/usr/include -I/usr/local/include  -L/opt/lib -L/opt/openmcu-ru/lib -L/usr/lib -L/usr/local/lib conftest.cpp  >&5
configure:2263: $? = 0
configure:2289: result: 
configure:2295: checking for suffix of object files
configure:2321: g++ -c   -I/opt/include -I/opt/openmcu-ru/include -I/usr/include -I/usr/local/include conftest.cpp >&5
configure:2325: $? = 0
configure:2350: result: o
configure:2354: checking whether we are using the GNU C++ compiler
configure:2383: g++ -c   -I/opt/include -I/opt/openmcu-ru/include -I/usr/include -I/usr/local/include conftest.cpp >&5
configure:2390: $? = 0
configure:2407: result: yes
configure:2416: checking whether g++ accepts -g
configure:2446: g++ -c -g  -I/opt/include -I/opt/openmcu-ru/include -I/usr/include -I/usr/local/include conftest.cpp >&5
configure:2453: $? = 0
configure:2554: result: yes
configure:2622: PTLib version is 2.0.1
configure:2684: checking build system type
configure:2702: result: i686-pc-linux-gnu
configure:2724: checking host system type
configure:2739: result: i686-pc-linux-gnu
configure:2761: checking target system type
configure:2776: result: i686-pc-linux-gnu
configure:2946: OSTYPE set to linux
configure:2948: OSRELEASE set to "2.6.32-358.el6.i686"
configure:2950: MACHTYPE set to x86
configure:3000: gcc version is 4.4.7
configure:3006: checking checking if pragma implementation should be used
configure:3018: result: no
configure:3022: checking checking if precompiled headers available
configure:3035: result: yes
configure:3071: checking how to run the C++ preprocessor
configure:3107: g++ -E  -I/opt/include -I/opt/openmcu-ru/include -I/usr/include -I/usr/local/include conftest.cpp
configure:3114: $? = 0
configure:3145: g++ -E  -I/opt/include -I/opt/openmcu-ru/include -I/usr/include -I/usr/local/include conftest.cpp
conftest.cpp:16:28: error: ac_nonexistent.h: No such file or directory
configure:3152: $? = 1
configure: failed program was:
| /* confdefs.h.  */
| #define PACKAGE_NAME ""
| #define PACKAGE_TARNAME ""
| #define PACKAGE_VERSION ""
| #define PACKAGE_STRING ""
| #define PACKAGE_BUGREPORT ""
| #define PTLIB_MAJOR 2
| #define PTLIB_MINOR 0
| #define PTLIB_BUILD 1
| #define PTLIB_VERSION "2.0.1"
| #define P_LINUX "2.6.32-358.el6.i686"
| #define PHAS_TEMPLATES 1
| #define P_PTHREADS 1
| #define P_SHAREDLIBEXT $SHAREDLIBEXT
| /* end confdefs.h.  */
| #include <ac_nonexistent.h>
configure:3185: result: g++ -E
configure:3214: g++ -E  -I/opt/include -I/opt/openmcu-ru/include -I/usr/include -I/usr/local/include conftest.cpp
configure:3221: $? = 0
configure:3252: g++ -E  -I/opt/include -I/opt/openmcu-ru/include -I/usr/include -I/usr/local/include conftest.cpp
conftest.cpp:16:28: error: ac_nonexistent.h: No such file or directory
configure:3259: $? = 1
configure: failed program was:
| /* confdefs.h.  */
| #define PACKAGE_NAME ""
| #define PACKAGE_TARNAME ""
| #define PACKAGE_VERSION ""
| #define PACKAGE_STRING ""
| #define PACKAGE_BUGREPORT ""
| #define PTLIB_MAJOR 2
| #define PTLIB_MINOR 0
| #define PTLIB_BUILD 1
| #define PTLIB_VERSION "2.0.1"
| #define P_LINUX "2.6.32-358.el6.i686"
| #define PHAS_TEMPLATES 1
| #define P_PTHREADS 1
| #define P_SHAREDLIBEXT $SHAREDLIBEXT
| /* end confdefs.h.  */
| #include <ac_nonexistent.h>
configure:3299: checking for grep that handles long lines and -e
configure:3359: result: /bin/grep
configure:3364: checking for egrep
configure:3428: result: /bin/grep -E
configure:3433: checking for ANSI C header files
configure:3463: g++ -c -g -O2  -I/opt/include -I/opt/openmcu-ru/include -I/usr/include -I/usr/local/include conftest.cpp >&5
configure:3470: $? = 0
configure:3569: g++ -o conftest -g -O2  -I/opt/include -I/opt/openmcu-ru/include -I/usr/include -I/usr/local/include  -L/opt/lib -L/opt/openmcu-ru/lib -L/usr/lib -L/usr/local/lib conftest.cpp  >&5
configure:3573: $? = 0
configure:3579: ./conftest
configure:3583: $? = 0
configure:3601: result: yes
configure:3625: checking for sys/types.h
configure:3646: g++ -c -g -O2  -I/opt/include -I/opt/openmcu-ru/include -I/usr/include -I/usr/local/include conftest.cpp >&5
configure:3653: $? = 0
configure:3670: result: yes
configure:3625: checking for sys/stat.h
configure:3646: g++ -c -g -O2  -I/opt/include -I/opt/openmcu-ru/include -I/usr/include -I/usr/local/include conftest.cpp >&5
configure:3653: $? = 0
configure:3670: result: yes
configure:3625: checking for stdlib.h
configure:3646: g++ -c -g -O2  -I/opt/include -I/opt/openmcu-ru/include -I/usr/include -I/usr/local/include conftest.cpp >&5
configure:3653: $? = 0
configure:3670: result: yes
configure:3625: checking for string.h
configure:3646: g++ -c -g -O2  -I/opt/include -I/opt/openmcu-ru/include -I/usr/include -I/usr/local/include conftest.cpp >&5
configure:3653: $? = 0
configure:3670: result: yes
configure:3625: checking for memory.h
configure:3646: g++ -c -g -O2  -I/opt/include -I/opt/openmcu-ru/include -I/usr/include -I/usr/local/include conftest.cpp >&5
configure:3653: $? = 0
configure:3670: result: yes
configure:3625: checking for strings.h
configure:3646: g++ -c -g -O2  -I/opt/include -I/opt/openmcu-ru/include -I/usr/include -I/usr/local/include conftest.cpp >&5
configure:3653: $? = 0
configure:3670: result: yes
configure:3625: checking for inttypes.h
configure:3646: g++ -c -g -O2  -I/opt/include -I/opt/openmcu-ru/include -I/usr/include -I/usr/local/include conftest.cpp >&5
configure:3653: $? = 0
configure:3670: result: yes
configure:3625: checking for stdint.h
configure:3646: g++ -c -g -O2  -I/opt/include -I/opt/openmcu-ru/include -I/usr/include -I/usr/local/include conftest.cpp >&5
configure:3653: $? = 0
configure:3670: result: yes
configure:3625: checking for unistd.h
configure:3646: g++ -c -g -O2  -I/opt/include -I/opt/openmcu-ru/include -I/usr/include -I/usr/local/include conftest.cpp >&5
configure:3653: $? = 0
configure:3670: result: yes
configure:3685: checking whether byte ordering is bigendian
configure:3710: g++ -c -g -O2  -I/opt/include -I/opt/openmcu-ru/include -I/usr/include -I/usr/local/include conftest.cpp >&5
conftest.cpp:27: error: expected unqualified-id before '!' token
configure:3717: $? = 1
configure: failed program was:
| /* confdefs.h.  */
| #define PACKAGE_NAME ""
| #define PACKAGE_TARNAME ""
| #define PACKAGE_VERSION ""
| #define PACKAGE_STRING ""
| #define PACKAGE_BUGREPORT ""
| #define PTLIB_MAJOR 2
| #define PTLIB_MINOR 0
| #define PTLIB_BUILD 1
| #define PTLIB_VERSION "2.0.1"
| #define P_LINUX "2.6.32-358.el6.i686"
| #define PHAS_TEMPLATES 1
| #define P_PTHREADS 1
| #define P_SHAREDLIBEXT $SHAREDLIBEXT
| #define STDC_HEADERS 1
| #define HAVE_SYS_TYPES_H 1
| #define HAVE_SYS_STAT_H 1
| #define HAVE_STDLIB_H 1
| #define HAVE_STRING_H 1
| #define HAVE_MEMORY_H 1
| #define HAVE_STRINGS_H 1
| #define HAVE_INTTYPES_H 1
| #define HAVE_STDINT_H 1
| #define HAVE_UNISTD_H 1
| /* end confdefs.h.  */
| #ifndef __APPLE_CC__
| 	       not a universal capable compiler
| 	     #endif
| 	     typedef int dummy;
| 
configure:3767: g++ -c -g -O2  -I/opt/include -I/opt/openmcu-ru/include -I/usr/include -I/usr/local/include conftest.cpp >&5
configure:3774: $? = 0
configure:3806: g++ -c -g -O2  -I/opt/include -I/opt/openmcu-ru/include -I/usr/include -I/usr/local/include conftest.cpp >&5
conftest.cpp: In function 'int main()':
conftest.cpp:33: error: 'big' was not declared in this scope
conftest.cpp:33: error: expected ';' before 'endian'
configure:3813: $? = 1
configure: failed program was:
| /* confdefs.h.  */
| #define PACKAGE_NAME ""
| #define PACKAGE_TARNAME ""
| #define PACKAGE_VERSION ""
| #define PACKAGE_STRING ""
| #define PACKAGE_BUGREPORT ""
| #define PTLIB_MAJOR 2
| #define PTLIB_MINOR 0
| #define PTLIB_BUILD 1
| #define PTLIB_VERSION "2.0.1"
| #define P_LINUX "2.6.32-358.el6.i686"
| #define PHAS_TEMPLATES 1
| #define P_PTHREADS 1
| #define P_SHAREDLIBEXT $SHAREDLIBEXT
| #define STDC_HEADERS 1
| #define HAVE_SYS_TYPES_H 1
| #define HAVE_SYS_STAT_H 1
| #define HAVE_STDLIB_H 1
| #define HAVE_STRING_H 1
| #define HAVE_MEMORY_H 1
| #define HAVE_STRINGS_H 1
| #define HAVE_INTTYPES_H 1
| #define HAVE_STDINT_H 1
| #define HAVE_UNISTD_H 1
| /* end confdefs.h.  */
| #include <sys/types.h>
| 		#include <sys/param.h>
| 
| int
| main ()
| {
| #if BYTE_ORDER != BIG_ENDIAN
| 		 not big endian
| 		#endif
| 
|   ;
|   return 0;
| }
configure:4065: result: no
configure:4110: checking if linker accepts -felide-constructors
configure:4121: result: no
configure:4125: checking if linker accepts -Wreorder
configure:4136: result: no
configure:4142: checking if debug build accepts -g3 -ggdb -O0
configure:4153: result: no
configure:4169: checking if compiler uses RTTI by default
configure:4198: g++ -c -g -O2  -I/opt/include -I/opt/openmcu-ru/include -I/usr/include -I/usr/local/include conftest.cpp >&5
configure:4205: $? = 0
configure:4220: result: yes
configure:4271: checking size of int
configure:4576: g++ -o conftest -g -O2  -I/opt/include -I/opt/openmcu-ru/include -I/usr/include -I/usr/local/include  -L/opt/lib -L/opt/openmcu-ru/lib -L/usr/lib -L/usr/local/lib conftest.cpp  >&5
configure:4580: $? = 0
configure:4586: ./conftest
configure:4590: $? = 0
configure:4616: result: 4
configure:4630: checking for long double with more range or precision than double
configure:4675: g++ -c -g -O2  -I/opt/include -I/opt/openmcu-ru/include -I/usr/include -I/usr/local/include conftest.cpp >&5
configure:4682: $? = 0
configure:4697: result: yes
configure:4730: checking for flex
configure:4748: found /usr/bin/flex
configure:4760: result: /usr/bin/flex
configure:4776: checking for ar
configure:4794: found /usr/bin/ar
configure:4806: result: /usr/bin/ar
configure:4859: checking for bison
configure:4877: found /usr/bin/bison
configure:4889: result: /usr/bin/bison
configure:4903: checking if readdir_r has 2 parms
configure:4927: g++ -c -g -O2  -I/opt/include -I/opt/openmcu-ru/include -I/usr/include -I/usr/local/include conftest.cpp >&5
/usr/include/dirent.h: In function 'int main()':
/usr/include/dirent.h:184: error: too few arguments to function 'int readdir_r(DIR*, dirent*, dirent**)'
conftest.cpp:35: error: at this point in file
configure:4934: $? = 1
configure: failed program was:
| /* confdefs.h.  */
| #define PACKAGE_NAME ""
| #define PACKAGE_TARNAME ""
| #define PACKAGE_VERSION ""
| #define PACKAGE_STRING ""
| #define PACKAGE_BUGREPORT ""
| #define PTLIB_MAJOR 2
| #define PTLIB_MINOR 0
| #define PTLIB_BUILD 1
| #define PTLIB_VERSION "2.0.1"
| #define P_LINUX "2.6.32-358.el6.i686"
| #define PHAS_TEMPLATES 1
| #define P_PTHREADS 1
| #define P_SHAREDLIBEXT $SHAREDLIBEXT
| #define STDC_HEADERS 1
| #define HAVE_SYS_TYPES_H 1
| #define HAVE_SYS_STAT_H 1
| #define HAVE_STDLIB_H 1
| #define HAVE_STRING_H 1
| #define HAVE_MEMORY_H 1
| #define HAVE_STRINGS_H 1
| #define HAVE_INTTYPES_H 1
| #define HAVE_STDINT_H 1
| #define HAVE_UNISTD_H 1
| #define PBYTE_ORDER PLITTLE_ENDIAN
| #define SIZEOF_INT 4
| #define HAVE_LONG_DOUBLE_WIDER 1
| #define HAVE_LONG_DOUBLE 1
| /* end confdefs.h.  */
| #define _POSIX_PTHREAD_SEMANTICS
|                 #include <dirent.h>
| int
| main ()
| {
| DIR *s; struct dirent * e; readdir_r(s, e);
|   ;
|   return 0;
| }
configure:4952: result: no
configure:4954: checking if readdir_r has 3 parms
configure:4977: g++ -c -g -O2  -I/opt/include -I/opt/openmcu-ru/include -I/usr/include -I/usr/local/include conftest.cpp >&5
configure:4984: $? = 0
configure:4999: result: yes
configure:5147: checking for recvmsg
configure:5172: g++ -c -g -O2  -I/opt/include -I/opt/openmcu-ru/include -I/usr/include -I/usr/local/include conftest.cpp >&5
configure:5179: $? = 0
configure:5194: result: yes
configure:5207: checking if using STL streams
configure:5230: g++ -c -g -O2  -I/opt/include -I/opt/openmcu-ru/include -I/usr/include -I/usr/local/include conftest.cpp >&5
configure:5237: $? = 0
configure:5252: result: yes
configure:5266: checking if atomic integer available
configure:5289: g++ -c -g -O2  -I/opt/include -I/opt/openmcu-ru/include -I/usr/include -I/usr/local/include conftest.cpp >&5
conftest.cpp:33:28: error: bits/atomicity.h: No such file or directory
conftest.cpp: In function 'int main()':
conftest.cpp:37: error: '_Atomic_word' was not declared in this scope
conftest.cpp:37: error: expected ';' before 'val'
configure:5296: $? = 1
configure: failed program was:
| /* confdefs.h.  */
| #define PACKAGE_NAME ""
| #define PACKAGE_TARNAME ""
| #define PACKAGE_VERSION ""
| #define PACKAGE_STRING ""
| #define PACKAGE_BUGREPORT ""
| #define PTLIB_MAJOR 2
| #define PTLIB_MINOR 0
| #define PTLIB_BUILD 1
| #define PTLIB_VERSION "2.0.1"
| #define P_LINUX "2.6.32-358.el6.i686"
| #define PHAS_TEMPLATES 1
| #define P_PTHREADS 1
| #define P_SHAREDLIBEXT $SHAREDLIBEXT
| #define STDC_HEADERS 1
| #define HAVE_SYS_TYPES_H 1
| #define HAVE_SYS_STAT_H 1
| #define HAVE_STDLIB_H 1
| #define HAVE_STRING_H 1
| #define HAVE_MEMORY_H 1
| #define HAVE_STRINGS_H 1
| #define HAVE_INTTYPES_H 1
| #define HAVE_STDINT_H 1
| #define HAVE_UNISTD_H 1
| #define PBYTE_ORDER PLITTLE_ENDIAN
| #define SIZEOF_INT 4
| #define HAVE_LONG_DOUBLE_WIDER 1
| #define HAVE_LONG_DOUBLE 1
| #define P_HAS_POSIX_READDIR_R 3
| #define P_HAS_RECVMSG 1
| #define P_HAS_STL_STREAMS 1
| /* end confdefs.h.  */
| #include <bits/atomicity.h>
| int
| main ()
| {
| _Atomic_word val;
|   ;
|   return 0;
| }
configure:5327: g++ -c -g -O2  -I/opt/include -I/opt/openmcu-ru/include -I/usr/include -I/usr/local/include conftest.cpp >&5
configure:5334: $? = 0
configure:5353: result: yes
configure:5355: checking if __exchange_and_add is in __gnu_cxx namespace
configure:5423: g++ -c -g -O2  -I/opt/include -I/opt/openmcu-ru/include -I/usr/include -I/usr/local/include conftest.cpp >&5
configure:5430: $? = 0
configure:5446: result: yes
configure:5571: g++ -c -g -O2  -I/opt/include -I/opt/openmcu-ru/include -I/usr/include -I/usr/local/include conftest.cpp >&5
configure:5578: $? = 0
configure:5592: checking if Unix semaphores are available
configure:5599: result: yes
configure:5677: checking for pthread_create in -lpthread
configure:5712: g++ -o conftest -g -O2  -I/opt/include -I/opt/openmcu-ru/include -I/usr/include -I/usr/local/include  -L/opt/lib -L/opt/openmcu-ru/lib -L/usr/lib -L/usr/local/lib conftest.cpp -lpthread   >&5
configure:5719: $? = 0
configure:5740: result: yes
configure:5772: checking if pthread_mutex_timedlock is available
configure:5795: g++ -c -g -O2  -I/opt/include -I/opt/openmcu-ru/include -I/usr/include -I/usr/local/include conftest.cpp >&5
configure:5802: $? = 0
configure:5817: result: yes
configure:5829: checking for sem_timedwait in -lpthread
configure:5864: g++ -o conftest -g -O2  -I/opt/include -I/opt/openmcu-ru/include -I/usr/include -I/usr/local/include  -L/opt/lib -L/opt/openmcu-ru/lib -L/usr/lib -L/usr/local/lib conftest.cpp -lpthread   >&5
configure:5871: $? = 0
configure:5892: result: yes
configure:5901: checking if sem_timedwait is compilable
configure:5924: g++ -c -g -O2  -I/opt/include -I/opt/openmcu-ru/include -I/usr/include -I/usr/local/include conftest.cpp >&5
configure:5931: $? = 0
configure:5951: result: yes
configure:5961: checking if recursive mutexes are available
configure:5984: g++ -c -g -O2  -I/opt/include -I/opt/openmcu-ru/include -I/usr/include -I/usr/local/include conftest.cpp >&5
configure:5991: $? = 0
configure:6006: result: PTHREAD_MUTEX_RECURSIVE_NP
configure:6082: checking regex.h usability
configure:6099: g++ -c -g -O2  -I/opt/include -I/opt/openmcu-ru/include -I/usr/include -I/usr/local/include conftest.cpp >&5
configure:6106: $? = 0
configure:6120: result: yes
configure:6124: checking regex.h presence
configure:6139: g++ -E  -I/opt/include -I/opt/openmcu-ru/include -I/usr/include -I/usr/local/include conftest.cpp
configure:6146: $? = 0
configure:6160: result: yes
configure:6188: checking for regex.h
configure:6197: result: yes
configure:6223: checking for regcomp
configure:6279: g++ -o conftest -g -O2  -I/opt/include -I/opt/openmcu-ru/include -I/usr/include -I/usr/local/include  -L/opt/lib -L/opt/openmcu-ru/lib -L/usr/lib -L/usr/local/lib conftest.cpp  >&5
configure:6286: $? = 0
configure:6306: result: yes
configure:6364: checking dlfcn.h usability
configure:6381: g++ -c -g -O2  -I/opt/include -I/opt/openmcu-ru/include -I/usr/include -I/usr/local/include conftest.cpp >&5
configure:6388: $? = 0
configure:6402: result: yes
configure:6406: checking dlfcn.h presence
configure:6421: g++ -E  -I/opt/include -I/opt/openmcu-ru/include -I/usr/include -I/usr/local/include conftest.cpp
configure:6428: $? = 0
configure:6442: result: yes
configure:6470: checking for dlfcn.h
configure:6479: result: yes
configure:6497: checking if dlopen is available
configure:6520: g++ -c -g -O2  -I/opt/include -I/opt/openmcu-ru/include -I/usr/include -I/usr/local/include conftest.cpp >&5
configure:6527: $? = 0
configure:6545: result: yes
configure:6553: checking for dlopen in -ldl
configure:6588: g++ -o conftest -g -O2  -I/opt/include -I/opt/openmcu-ru/include -I/usr/include -I/usr/local/include  -L/opt/lib -L/opt/openmcu-ru/lib -L/usr/lib -L/usr/local/lib conftest.cpp -ldl   >&5
configure:6595: $? = 0
configure:6616: result: yes
configure:6631: checking if plugins support needs to be compiled
configure:6644: result: no
configure:6691: checking for res_ninit
configure:6747: g++ -o conftest -g -O2  -I/opt/include -I/opt/openmcu-ru/include -I/usr/include -I/usr/local/include  -L/opt/lib -L/opt/openmcu-ru/lib -L/usr/lib -L/usr/local/lib conftest.cpp  >&5
/tmp/ccKeNdwD.o: In function `main':
/opt/git/test2/libs/ptlib/conftest.cpp:79: undefined reference to `res_ninit'
collect2: ld returned 1 exit status
configure:6754: $? = 1
configure: failed program was:
| /* confdefs.h.  */
| #define PACKAGE_NAME ""
| #define PACKAGE_TARNAME ""
| #define PACKAGE_VERSION ""
| #define PACKAGE_STRING ""
| #define PACKAGE_BUGREPORT ""
| #define PTLIB_MAJOR 2
| #define PTLIB_MINOR 0
| #define PTLIB_BUILD 1
| #define PTLIB_VERSION "2.0.1"
| #define P_LINUX "2.6.32-358.el6.i686"
| #define PHAS_TEMPLATES 1
| #define P_PTHREADS 1
| #define P_SHAREDLIBEXT $SHAREDLIBEXT
| #define STDC_HEADERS 1
| #define HAVE_SYS_TYPES_H 1
| #define HAVE_SYS_STAT_H 1
| #define HAVE_STDLIB_H 1
| #define HAVE_STRING_H 1
| #define HAVE_MEMORY_H 1
| #define HAVE_STRINGS_H 1
| #define HAVE_INTTYPES_H 1
| #define HAVE_STDINT_H 1
| #define HAVE_UNISTD_H 1
| #define PBYTE_ORDER PLITTLE_ENDIAN
| #define SIZEOF_INT 4
| #define HAVE_LONG_DOUBLE_WIDER 1
| #define HAVE_LONG_DOUBLE 1
| #define P_HAS_POSIX_READDIR_R 3
| #define P_HAS_RECVMSG 1
| #define P_HAS_STL_STREAMS 1
| #define P_HAS_ATOMIC_INT 1
| #define P_NEEDS_GNU_CXX_NAMESPACE 1
| #define P_HAS_SEMAPHORES 1
| #define P_PTHREADS_XPG6 1
| #define P_HAS_SEMAPHORES_XPG6 1
| #define P_HAS_RECURSIVE_MUTEX 1
| #define HAVE_REGEX_H 1
| #define P_REGEX 1
| #define HAVE_DLFCN_H 1
| #define P_DYNALINK 1
| #define P_HAS_PLUGINS 1
| #define P_DEFAULT_PLUGIN_DIR "/usr/local/lib/ptlib"
| /* end confdefs.h.  */
| /* Define res_ninit to an innocuous variant, in case <limits.h> declares res_ninit.
|    For example, HP-UX 11i <limits.h> declares gettimeofday.  */
| #define res_ninit innocuous_res_ninit
| 
| /* System header to define __stub macros and hopefully few prototypes,
|     which can conflict with char res_ninit (); below.
|     Prefer <limits.h> to <assert.h> if __STDC__ is defined, since
|     <limits.h> exists even on freestanding compilers.  */
| 
| #ifdef __STDC__
| # include <limits.h>
| #else
| # include <assert.h>
| #endif
| 
| #undef res_ninit
| 
| /* Override any GCC internal prototype to avoid an error.
|    Use char because int might match the return type of a GCC
|    builtin and then its argument prototype would still apply.  */
| #ifdef __cplusplus
| extern "C"
| #endif
| char res_ninit ();
| /* The GNU C library defines this for functions which it implements
|     to always fail with ENOSYS.  Some functions are actually named
|     something starting with __ and the normal name is an alias.  */
| #if defined __stub_res_ninit || defined __stub___res_ninit
| choke me
| #endif
| 
| int
| main ()
| {
| return res_ninit ();
|   ;
|   return 0;
| }
configure:6774: result: no
configure:6790: checking for res_ninit in -lresolv
configure:6807: g++ -o conftest -g -O2  -I/opt/include -I/opt/openmcu-ru/include -I/usr/include -I/usr/local/include  -L/opt/lib -L/opt/openmcu-ru/lib -L/usr/lib -L/usr/local/lib conftest.cpp -lresolv >&5
configure:6814: $? = 0
configure:6834: result: yes
configure:7120: checking for sasl_version in -lsasl2
configure:7143: g++ -o conftest -g -O2  -I/opt/include -I/opt/openmcu-ru/include -I/usr/include -I/usr/local/include  -L/opt/lib -L/opt/openmcu-ru/lib -L/usr/lib -L/usr/local/lib conftest.cpp  -lsasl2 >&5
/usr/bin/ld: cannot find -lsasl2
collect2: ld returned 1 exit status
configure:7150: $? = 1
configure: failed program was:
| #ifdef __cplusplus
|  				  extern "C"
|    				  #endif
|  				  char sasl_version ();
|  				  int
|  				  main ()
|  				  {
|  				   sasl_version ();
|    					;
|    				   return 0;
|  				  }
configure:7170: result: no
configure:7174: checking for sasl_client_auth in sasl
configure:7195: g++ -o conftest -g -O2  -I/opt/include -I/opt/openmcu-ru/include -I/usr/include -I/usr/local/include  -L/opt/lib -L/opt/openmcu-ru/lib -L/usr/lib -L/usr/local/lib conftest.cpp  -lsasl >&5
/usr/bin/ld: cannot find -lsasl
collect2: ld returned 1 exit status
configure:7202: $? = 1
configure: failed program was:
| #ifdef __cplusplus
|                   extern "C"
|                   #endif
|                   char sasl_client_out ();
|                   int
|                   main ()
|                   {
|                    sasl_client_out ();
|                     ;
|                    return 0;
|                   }
configure:7222: result: no
configure:7229: result: yes
configure:7234: checking if <sasl.h> works
configure:7246: g++ -c -g -O2  -I/opt/include -I/opt/openmcu-ru/include -I/usr/include -I/usr/local/include conftest.cpp >&5
conftest.cpp:1:18: error: sasl.h: No such file or directory
conftest.cpp: In function 'int main(int, char**)':
conftest.cpp:2: error: 'SASL_LOG_PASS' was not declared in this scope
configure:7253: $? = 1
configure: failed program was:
| #include <sasl.h>
| int main(int argc,char **argv){ int v = SASL_LOG_PASS; }
configure:7272: result: no
configure:7274: checking if <sasl/sasl.h> works
configure:7286: g++ -c -g -O2  -I/opt/include -I/opt/openmcu-ru/include -I/usr/include -I/usr/local/include conftest.cpp >&5
conftest.cpp:1:23: error: sasl/sasl.h: No such file or directory
conftest.cpp: In function 'int main(int, char**)':
conftest.cpp:2: error: 'SASL_LOG_PASS' was not declared in this scope
configure:7293: $? = 1
configure: failed program was:
| #include <sasl/sasl.h>
|   int main(int argc,char **argv){ int v = SASL_LOG_PASS; }
configure:7316: result: no
configure:7346: checking for mlib_VideoColorJFIFYCC2RGB420_Nearest in -lmlib
configure:7381: g++ -o conftest -g -O2  -I/opt/include -I/opt/openmcu-ru/include -I/usr/include -I/usr/local/include  -L/opt/lib -L/opt/openmcu-ru/lib -L/usr/lib -L/usr/local/lib conftest.cpp -lmlib   >&5
/usr/bin/ld: cannot find -lmlib
collect2: ld returned 1 exit status
configure:7388: $? = 1
configure: failed program was:
| /* confdefs.h.  */
| #define PACKAGE_NAME ""
| #define PACKAGE_TARNAME ""
| #define PACKAGE_VERSION ""
| #define PACKAGE_STRING ""
| #define PACKAGE_BUGREPORT ""
| #define PTLIB_MAJOR 2
| #define PTLIB_MINOR 0
| #define PTLIB_BUILD 1
| #define PTLIB_VERSION "2.0.1"
| #define P_LINUX "2.6.32-358.el6.i686"
| #define PHAS_TEMPLATES 1
| #define P_PTHREADS 1
| #define P_SHAREDLIBEXT $SHAREDLIBEXT
| #define STDC_HEADERS 1
| #define HAVE_SYS_TYPES_H 1
| #define HAVE_SYS_STAT_H 1
| #define HAVE_STDLIB_H 1
| #define HAVE_STRING_H 1
| #define HAVE_MEMORY_H 1
| #define HAVE_STRINGS_H 1
| #define HAVE_INTTYPES_H 1
| #define HAVE_STDINT_H 1
| #define HAVE_UNISTD_H 1
| #define PBYTE_ORDER PLITTLE_ENDIAN
| #define SIZEOF_INT 4
| #define HAVE_LONG_DOUBLE_WIDER 1
| #define HAVE_LONG_DOUBLE 1
| #define P_HAS_POSIX_READDIR_R 3
| #define P_HAS_RECVMSG 1
| #define P_HAS_STL_STREAMS 1
| #define P_HAS_ATOMIC_INT 1
| #define P_NEEDS_GNU_CXX_NAMESPACE 1
| #define P_HAS_SEMAPHORES 1
| #define P_PTHREADS_XPG6 1
| #define P_HAS_SEMAPHORES_XPG6 1
| #define P_HAS_RECURSIVE_MUTEX 1
| #define HAVE_REGEX_H 1
| #define P_REGEX 1
| #define HAVE_DLFCN_H 1
| #define P_DYNALINK 1
| #define P_HAS_PLUGINS 1
| #define P_DEFAULT_PLUGIN_DIR "/usr/local/lib/ptlib"
| #define P_HAS_RES_NINIT 1
| #define P_DNS 1
| /* end confdefs.h.  */
| 
| /* Override any GCC internal prototype to avoid an error.
|    Use char because int might match the return type of a GCC
|    builtin and then its argument prototype would still apply.  */
| #ifdef __cplusplus
| extern "C"
| #endif
| char mlib_VideoColorJFIFYCC2RGB420_Nearest ();
| int
| main ()
| {
| return mlib_VideoColorJFIFYCC2RGB420_Nearest ();
|   ;
|   return 0;
| }
configure:7409: result: no
configure:7439: OpenLDAP disabled
configure:7840: checking openssl/ssl.h usability
configure:7857: g++ -c -g -O2  -I/opt/include -I/opt/openmcu-ru/include -I/usr/include -I/usr/local/include conftest.cpp >&5
configure:7864: $? = 0
configure:7878: result: yes
configure:7882: checking openssl/ssl.h presence
configure:7897: g++ -E  -I/opt/include -I/opt/openmcu-ru/include -I/usr/include -I/usr/local/include conftest.cpp
configure:7904: $? = 0
configure:7918: result: yes
configure:7946: checking for openssl/ssl.h
configure:7955: result: yes
configure:8106: checking openssl/aes.h usability
configure:8123: g++ -c -g -O2  -I/opt/include -I/opt/openmcu-ru/include -I/usr/include -I/usr/local/include conftest.cpp >&5
configure:8130: $? = 0
configure:8144: result: yes
configure:8148: checking openssl/aes.h presence
configure:8163: g++ -E  -I/opt/include -I/opt/openmcu-ru/include -I/usr/include -I/usr/local/include conftest.cpp
configure:8170: $? = 0
configure:8184: result: yes
configure:8212: checking for openssl/aes.h
configure:8221: result: yes
configure:8246: checking for const arg to d2i_AutoPrivateKey
configure:8271: g++ -c -g -O2  -I/opt/include -I/opt/openmcu-ru/include -I/usr/include -I/usr/local/include conftest.cpp >&5
configure:8278: $? = 0
configure:8296: result: yes
configure:8326: Expat disabled
configure:8636: VXML disabled as Expat is disabled
configure:8638: Jabber disabled as Expat is disabled
configure:8640: XMLRPC disabled as Expat is disabled
configure:8777: checking for IPv6 support
configure:8801: g++ -c -g -O2  -I/opt/include -I/opt/openmcu-ru/include -I/usr/include -I/usr/local/include conftest.cpp >&5
configure:8808: $? = 0
configure:8848: g++ -c -g -O2  -I/opt/include -I/opt/openmcu-ru/include -I/usr/include -I/usr/local/include conftest.cpp >&5
conftest.cpp: In function 'int main()':
conftest.cpp:58: error: 'NULL' was not declared in this scope
configure:8855: $? = 1
configure: failed program was:
| /* confdefs.h.  */
| #define PACKAGE_NAME ""
| #define PACKAGE_TARNAME ""
| #define PACKAGE_VERSION ""
| #define PACKAGE_STRING ""
| #define PACKAGE_BUGREPORT ""
| #define PTLIB_MAJOR 2
| #define PTLIB_MINOR 0
| #define PTLIB_BUILD 1
| #define PTLIB_VERSION "2.0.1"
| #define P_LINUX "2.6.32-358.el6.i686"
| #define PHAS_TEMPLATES 1
| #define P_PTHREADS 1
| #define P_SHAREDLIBEXT $SHAREDLIBEXT
| #define STDC_HEADERS 1
| #define HAVE_SYS_TYPES_H 1
| #define HAVE_SYS_STAT_H 1
| #define HAVE_STDLIB_H 1
| #define HAVE_STRING_H 1
| #define HAVE_MEMORY_H 1
| #define HAVE_STRINGS_H 1
| #define HAVE_INTTYPES_H 1
| #define HAVE_STDINT_H 1
| #define HAVE_UNISTD_H 1
| #define PBYTE_ORDER PLITTLE_ENDIAN
| #define SIZEOF_INT 4
| #define HAVE_LONG_DOUBLE_WIDER 1
| #define HAVE_LONG_DOUBLE 1
| #define P_HAS_POSIX_READDIR_R 3
| #define P_HAS_RECVMSG 1
| #define P_HAS_STL_STREAMS 1
| #define P_HAS_ATOMIC_INT 1
| #define P_NEEDS_GNU_CXX_NAMESPACE 1
| #define P_HAS_SEMAPHORES 1
| #define P_PTHREADS_XPG6 1
| #define P_HAS_SEMAPHORES_XPG6 1
| #define P_HAS_RECURSIVE_MUTEX 1
| #define HAVE_REGEX_H 1
| #define P_REGEX 1
| #define HAVE_DLFCN_H 1
| #define P_DYNALINK 1
| #define P_HAS_PLUGINS 1
| #define P_DEFAULT_PLUGIN_DIR "/usr/local/lib/ptlib"
| #define P_HAS_RES_NINIT 1
| #define P_DNS 1
| #define HAVE_OPENSSL_SSL_H 1
| #define P_SSL 1
| #define HAVE_OPENSSL_AES_H 1
| #define P_SSL_AES 1
| #define P_SSL_USE_CONST 1
| #define P_TTS 1
| /* end confdefs.h.  */
| #include <sys/socket.h>
|                      #include <netdb.h>
| int
| main ()
| {
| getnameinfo(NULL, 0, NULL, 0, NULL, 0, 0);
|   ;
|   return 0;
| }
configure:8870: result: no
configure:8948: checking SDL/SDL.h usability
configure:8965: g++ -c -g -O2  -I/opt/include -I/opt/openmcu-ru/include -I/usr/include -I/usr/local/include conftest.cpp >&5
conftest.cpp:87:21: error: SDL/SDL.h: No such file or directory
configure:8972: $? = 1
configure: failed program was:
| /* confdefs.h.  */
| #define PACKAGE_NAME ""
| #define PACKAGE_TARNAME ""
| #define PACKAGE_VERSION ""
| #define PACKAGE_STRING ""
| #define PACKAGE_BUGREPORT ""
| #define PTLIB_MAJOR 2
| #define PTLIB_MINOR 0
| #define PTLIB_BUILD 1
| #define PTLIB_VERSION "2.0.1"
| #define P_LINUX "2.6.32-358.el6.i686"
| #define PHAS_TEMPLATES 1
| #define P_PTHREADS 1
| #define P_SHAREDLIBEXT $SHAREDLIBEXT
| #define STDC_HEADERS 1
| #define HAVE_SYS_TYPES_H 1
| #define HAVE_SYS_STAT_H 1
| #define HAVE_STDLIB_H 1
| #define HAVE_STRING_H 1
| #define HAVE_MEMORY_H 1
| #define HAVE_STRINGS_H 1
| #define HAVE_INTTYPES_H 1
| #define HAVE_STDINT_H 1
| #define HAVE_UNISTD_H 1
| #define PBYTE_ORDER PLITTLE_ENDIAN
| #define SIZEOF_INT 4
| #define HAVE_LONG_DOUBLE_WIDER 1
| #define HAVE_LONG_DOUBLE 1
| #define P_HAS_POSIX_READDIR_R 3
| #define P_HAS_RECVMSG 1
| #define P_HAS_STL_STREAMS 1
| #define P_HAS_ATOMIC_INT 1
| #define P_NEEDS_GNU_CXX_NAMESPACE 1
| #define P_HAS_SEMAPHORES 1
| #define P_PTHREADS_XPG6 1
| #define P_HAS_SEMAPHORES_XPG6 1
| #define P_HAS_RECURSIVE_MUTEX 1
| #define HAVE_REGEX_H 1
| #define P_REGEX 1
| #define HAVE_DLFCN_H 1
| #define P_DYNALINK 1
| #define P_HAS_PLUGINS 1
| #define P_DEFAULT_PLUGIN_DIR "/usr/local/lib/ptlib"
| #define P_HAS_RES_NINIT 1
| #define P_DNS 1
| #define HAVE_OPENSSL_SSL_H 1
| #define P_SSL 1
| #define HAVE_OPENSSL_AES_H 1
| #define P_SSL_AES 1
| #define P_SSL_USE_CONST 1
| #define P_TTS 1
| #define P_HAS_QOS 1
| /* end confdefs.h.  */
| #include <stdio.h>
| #ifdef HAVE_SYS_TYPES_H
| # include <sys/types.h>
| #endif
| #ifdef HAVE_SYS_STAT_H
| # include <sys/stat.h>
| #endif
| #ifdef STDC_HEADERS
| # include <stdlib.h>
| # include <stddef.h>
| #else
| # ifdef HAVE_STDLIB_H
| #  include <stdlib.h>
| # endif
| #endif
| #ifdef HAVE_STRING_H
| # if !defined STDC_HEADERS && defined HAVE_MEMORY_H
| #  include <memory.h>
| # endif
| # include <string.h>
| #endif
| #ifdef HAVE_STRINGS_H
| # include <strings.h>
| #endif
| #ifdef HAVE_INTTYPES_H
| # include <inttypes.h>
| #endif
| #ifdef HAVE_STDINT_H
| # include <stdint.h>
| #endif
| #ifdef HAVE_UNISTD_H
| # include <unistd.h>
| #endif
| #include <SDL/SDL.h>
configure:8986: result: no
configure:8990: checking SDL/SDL.h presence
configure:9005: g++ -E  -I/opt/include -I/opt/openmcu-ru/include -I/usr/include -I/usr/local/include conftest.cpp
conftest.cpp:54:21: error: SDL/SDL.h: No such file or directory
configure:9012: $? = 1
configure: failed program was:
| /* confdefs.h.  */
| #define PACKAGE_NAME ""
| #define PACKAGE_TARNAME ""
| #define PACKAGE_VERSION ""
| #define PACKAGE_STRING ""
| #define PACKAGE_BUGREPORT ""
| #define PTLIB_MAJOR 2
| #define PTLIB_MINOR 0
| #define PTLIB_BUILD 1
| #define PTLIB_VERSION "2.0.1"
| #define P_LINUX "2.6.32-358.el6.i686"
| #define PHAS_TEMPLATES 1
| #define P_PTHREADS 1
| #define P_SHAREDLIBEXT $SHAREDLIBEXT
| #define STDC_HEADERS 1
| #define HAVE_SYS_TYPES_H 1
| #define HAVE_SYS_STAT_H 1
| #define HAVE_STDLIB_H 1
| #define HAVE_STRING_H 1
| #define HAVE_MEMORY_H 1
| #define HAVE_STRINGS_H 1
| #define HAVE_INTTYPES_H 1
| #define HAVE_STDINT_H 1
| #define HAVE_UNISTD_H 1
| #define PBYTE_ORDER PLITTLE_ENDIAN
| #define SIZEOF_INT 4
| #define HAVE_LONG_DOUBLE_WIDER 1
| #define HAVE_LONG_DOUBLE 1
| #define P_HAS_POSIX_READDIR_R 3
| #define P_HAS_RECVMSG 1
| #define P_HAS_STL_STREAMS 1
| #define P_HAS_ATOMIC_INT 1
| #define P_NEEDS_GNU_CXX_NAMESPACE 1
| #define P_HAS_SEMAPHORES 1
| #define P_PTHREADS_XPG6 1
| #define P_HAS_SEMAPHORES_XPG6 1
| #define P_HAS_RECURSIVE_MUTEX 1
| #define HAVE_REGEX_H 1
| #define P_REGEX 1
| #define HAVE_DLFCN_H 1
| #define P_DYNALINK 1
| #define P_HAS_PLUGINS 1
| #define P_DEFAULT_PLUGIN_DIR "/usr/local/lib/ptlib"
| #define P_HAS_RES_NINIT 1
| #define P_DNS 1
| #define HAVE_OPENSSL_SSL_H 1
| #define P_SSL 1
| #define HAVE_OPENSSL_AES_H 1
| #define P_SSL_AES 1
| #define P_SSL_USE_CONST 1
| #define P_TTS 1
| #define P_HAS_QOS 1
| /* end confdefs.h.  */
| #include <SDL/SDL.h>
configure:9026: result: no
configure:9054: checking for SDL/SDL.h
configure:9063: result: no
configure:9166: checking SDL11/SDL.h usability
configure:9183: g++ -c -g -O2  -I/opt/include -I/opt/openmcu-ru/include -I/usr/include -I/usr/local/include conftest.cpp >&5
conftest.cpp:87:23: error: SDL11/SDL.h: No such file or directory
configure:9190: $? = 1
configure: failed program was:
| /* confdefs.h.  */
| #define PACKAGE_NAME ""
| #define PACKAGE_TARNAME ""
| #define PACKAGE_VERSION ""
| #define PACKAGE_STRING ""
| #define PACKAGE_BUGREPORT ""
| #define PTLIB_MAJOR 2
| #define PTLIB_MINOR 0
| #define PTLIB_BUILD 1
| #define PTLIB_VERSION "2.0.1"
| #define P_LINUX "2.6.32-358.el6.i686"
| #define PHAS_TEMPLATES 1
| #define P_PTHREADS 1
| #define P_SHAREDLIBEXT $SHAREDLIBEXT
| #define STDC_HEADERS 1
| #define HAVE_SYS_TYPES_H 1
| #define HAVE_SYS_STAT_H 1
| #define HAVE_STDLIB_H 1
| #define HAVE_STRING_H 1
| #define HAVE_MEMORY_H 1
| #define HAVE_STRINGS_H 1
| #define HAVE_INTTYPES_H 1
| #define HAVE_STDINT_H 1
| #define HAVE_UNISTD_H 1
| #define PBYTE_ORDER PLITTLE_ENDIAN
| #define SIZEOF_INT 4
| #define HAVE_LONG_DOUBLE_WIDER 1
| #define HAVE_LONG_DOUBLE 1
| #define P_HAS_POSIX_READDIR_R 3
| #define P_HAS_RECVMSG 1
| #define P_HAS_STL_STREAMS 1
| #define P_HAS_ATOMIC_INT 1
| #define P_NEEDS_GNU_CXX_NAMESPACE 1
| #define P_HAS_SEMAPHORES 1
| #define P_PTHREADS_XPG6 1
| #define P_HAS_SEMAPHORES_XPG6 1
| #define P_HAS_RECURSIVE_MUTEX 1
| #define HAVE_REGEX_H 1
| #define P_REGEX 1
| #define HAVE_DLFCN_H 1
| #define P_DYNALINK 1
| #define P_HAS_PLUGINS 1
| #define P_DEFAULT_PLUGIN_DIR "/usr/local/lib/ptlib"
| #define P_HAS_RES_NINIT 1
| #define P_DNS 1
| #define HAVE_OPENSSL_SSL_H 1
| #define P_SSL 1
| #define HAVE_OPENSSL_AES_H 1
| #define P_SSL_AES 1
| #define P_SSL_USE_CONST 1
| #define P_TTS 1
| #define P_HAS_QOS 1
| /* end confdefs.h.  */
| #include <stdio.h>
| #ifdef HAVE_SYS_TYPES_H
| # include <sys/types.h>
| #endif
| #ifdef HAVE_SYS_STAT_H
| # include <sys/stat.h>
| #endif
| #ifdef STDC_HEADERS
| # include <stdlib.h>
| # include <stddef.h>
| #else
| # ifdef HAVE_STDLIB_H
| #  include <stdlib.h>
| # endif
| #endif
| #ifdef HAVE_STRING_H
| # if !defined STDC_HEADERS && defined HAVE_MEMORY_H
| #  include <memory.h>
| # endif
| # include <string.h>
| #endif
| #ifdef HAVE_STRINGS_H
| # include <strings.h>
| #endif
| #ifdef HAVE_INTTYPES_H
| # include <inttypes.h>
| #endif
| #ifdef HAVE_STDINT_H
| # include <stdint.h>
| #endif
| #ifdef HAVE_UNISTD_H
| # include <unistd.h>
| #endif
| #include <SDL11/SDL.h>
configure:9204: result: no
configure:9208: checking SDL11/SDL.h presence
configure:9223: g++ -E  -I/opt/include -I/opt/openmcu-ru/include -I/usr/include -I/usr/local/include conftest.cpp
conftest.cpp:54:23: error: SDL11/SDL.h: No such file or directory
configure:9230: $? = 1
configure: failed program was:
| /* confdefs.h.  */
| #define PACKAGE_NAME ""
| #define PACKAGE_TARNAME ""
| #define PACKAGE_VERSION ""
| #define PACKAGE_STRING ""
| #define PACKAGE_BUGREPORT ""
| #define PTLIB_MAJOR 2
| #define PTLIB_MINOR 0
| #define PTLIB_BUILD 1
| #define PTLIB_VERSION "2.0.1"
| #define P_LINUX "2.6.32-358.el6.i686"
| #define PHAS_TEMPLATES 1
| #define P_PTHREADS 1
| #define P_SHAREDLIBEXT $SHAREDLIBEXT
| #define STDC_HEADERS 1
| #define HAVE_SYS_TYPES_H 1
| #define HAVE_SYS_STAT_H 1
| #define HAVE_STDLIB_H 1
| #define HAVE_STRING_H 1
| #define HAVE_MEMORY_H 1
| #define HAVE_STRINGS_H 1
| #define HAVE_INTTYPES_H 1
| #define HAVE_STDINT_H 1
| #define HAVE_UNISTD_H 1
| #define PBYTE_ORDER PLITTLE_ENDIAN
| #define SIZEOF_INT 4
| #define HAVE_LONG_DOUBLE_WIDER 1
| #define HAVE_LONG_DOUBLE 1
| #define P_HAS_POSIX_READDIR_R 3
| #define P_HAS_RECVMSG 1
| #define P_HAS_STL_STREAMS 1
| #define P_HAS_ATOMIC_INT 1
| #define P_NEEDS_GNU_CXX_NAMESPACE 1
| #define P_HAS_SEMAPHORES 1
| #define P_PTHREADS_XPG6 1
| #define P_HAS_SEMAPHORES_XPG6 1
| #define P_HAS_RECURSIVE_MUTEX 1
| #define HAVE_REGEX_H 1
| #define P_REGEX 1
| #define HAVE_DLFCN_H 1
| #define P_DYNALINK 1
| #define P_HAS_PLUGINS 1
| #define P_DEFAULT_PLUGIN_DIR "/usr/local/lib/ptlib"
| #define P_HAS_RES_NINIT 1
| #define P_DNS 1
| #define HAVE_OPENSSL_SSL_H 1
| #define P_SSL 1
| #define HAVE_OPENSSL_AES_H 1
| #define P_SSL_AES 1
| #define P_SSL_USE_CONST 1
| #define P_TTS 1
| #define P_HAS_QOS 1
| /* end confdefs.h.  */
| #include <SDL11/SDL.h>
configure:9244: result: no
configure:9272: checking for SDL11/SDL.h
configure:9279: result: no
configure:9352: checking linux/videodev.h usability
configure:9369: g++ -c -g -O2  -I/opt/include -I/opt/openmcu-ru/include -I/usr/include -I/usr/local/include conftest.cpp >&5
configure:9376: $? = 0
configure:9390: result: yes
configure:9394: checking linux/videodev.h presence
configure:9409: g++ -E  -I/opt/include -I/opt/openmcu-ru/include -I/usr/include -I/usr/local/include conftest.cpp
configure:9416: $? = 0
configure:9430: result: yes
configure:9458: checking for linux/videodev.h
configure:9465: result: yes
configure:9529: Shared memory video devices enabled
configure:9776: Remote connection support disabled
configure:9926: Socket aggregation support disabled
configure:9960: Video file support enabled
configure:10032: checking alsa/asoundlib.h usability
configure:10049: g++ -c -g -O2  -I/opt/include -I/opt/openmcu-ru/include -I/usr/include -I/usr/local/include conftest.cpp >&5
conftest.cpp:104:28: error: alsa/asoundlib.h: No such file or directory
configure:10056: $? = 1
configure: failed program was:
| /* confdefs.h.  */
| #define PACKAGE_NAME ""
| #define PACKAGE_TARNAME ""
| #define PACKAGE_VERSION ""
| #define PACKAGE_STRING ""
| #define PACKAGE_BUGREPORT ""
| #define PTLIB_MAJOR 2
| #define PTLIB_MINOR 0
| #define PTLIB_BUILD 1
| #define PTLIB_VERSION "2.0.1"
| #define P_LINUX "2.6.32-358.el6.i686"
| #define PHAS_TEMPLATES 1
| #define P_PTHREADS 1
| #define P_SHAREDLIBEXT $SHAREDLIBEXT
| #define STDC_HEADERS 1
| #define HAVE_SYS_TYPES_H 1
| #define HAVE_SYS_STAT_H 1
| #define HAVE_STDLIB_H 1
| #define HAVE_STRING_H 1
| #define HAVE_MEMORY_H 1
| #define HAVE_STRINGS_H 1
| #define HAVE_INTTYPES_H 1
| #define HAVE_STDINT_H 1
| #define HAVE_UNISTD_H 1
| #define PBYTE_ORDER PLITTLE_ENDIAN
| #define SIZEOF_INT 4
| #define HAVE_LONG_DOUBLE_WIDER 1
| #define HAVE_LONG_DOUBLE 1
| #define P_HAS_POSIX_READDIR_R 3
| #define P_HAS_RECVMSG 1
| #define P_HAS_STL_STREAMS 1
| #define P_HAS_ATOMIC_INT 1
| #define P_NEEDS_GNU_CXX_NAMESPACE 1
| #define P_HAS_SEMAPHORES 1
| #define P_PTHREADS_XPG6 1
| #define P_HAS_SEMAPHORES_XPG6 1
| #define P_HAS_RECURSIVE_MUTEX 1
| #define HAVE_REGEX_H 1
| #define P_REGEX 1
| #define HAVE_DLFCN_H 1
| #define P_DYNALINK 1
| #define P_HAS_PLUGINS 1
| #define P_DEFAULT_PLUGIN_DIR "/usr/local/lib/ptlib"
| #define P_HAS_RES_NINIT 1
| #define P_DNS 1
| #define HAVE_OPENSSL_SSL_H 1
| #define P_SSL 1
| #define HAVE_OPENSSL_AES_H 1
| #define P_SSL_AES 1
| #define P_SSL_USE_CONST 1
| #define P_TTS 1
| #define P_HAS_QOS 1
| #define P_VIDEO 1
| #define P_ASN 1
| #define P_STUN 1
| #define P_PIPECHAN 1
| #define P_DTMF 1
| #define P_WAVFILE 1
| #define P_SOCKS 1
| #define P_FTP 1
| #define P_SNMP 1
| #define P_TELNET 1
| #define P_SERIAL 1
| #define P_POP3SMTP 1
| #define P_HTTP 1
| #define P_HTTPSVC 1
| #define P_CONFIG_FILE 1
| #define P_VIDFILE 1
| #define P_AUDIO 1
| /* end confdefs.h.  */
| #include <stdio.h>
| #ifdef HAVE_SYS_TYPES_H
| # include <sys/types.h>
| #endif
| #ifdef HAVE_SYS_STAT_H
| # include <sys/stat.h>
| #endif
| #ifdef STDC_HEADERS
| # include <stdlib.h>
| # include <stddef.h>
| #else
| # ifdef HAVE_STDLIB_H
| #  include <stdlib.h>
| # endif
| #endif
| #ifdef HAVE_STRING_H
| # if !defined STDC_HEADERS && defined HAVE_MEMORY_H
| #  include <memory.h>
| # endif
| # include <string.h>
| #endif
| #ifdef HAVE_STRINGS_H
| # include <strings.h>
| #endif
| #ifdef HAVE_INTTYPES_H
| # include <inttypes.h>
| #endif
| #ifdef HAVE_STDINT_H
| # include <stdint.h>
| #endif
| #ifdef HAVE_UNISTD_H
| # include <unistd.h>
| #endif
| #include <alsa/asoundlib.h>
configure:10070: result: no
configure:10074: checking alsa/asoundlib.h presence
configure:10089: g++ -E  -I/opt/include -I/opt/openmcu-ru/include -I/usr/include -I/usr/local/include conftest.cpp
conftest.cpp:71:28: error: alsa/asoundlib.h: No such file or directory
configure:10096: $? = 1
configure: failed program was:
| /* confdefs.h.  */
| #define PACKAGE_NAME ""
| #define PACKAGE_TARNAME ""
| #define PACKAGE_VERSION ""
| #define PACKAGE_STRING ""
| #define PACKAGE_BUGREPORT ""
| #define PTLIB_MAJOR 2
| #define PTLIB_MINOR 0
| #define PTLIB_BUILD 1
| #define PTLIB_VERSION "2.0.1"
| #define P_LINUX "2.6.32-358.el6.i686"
| #define PHAS_TEMPLATES 1
| #define P_PTHREADS 1
| #define P_SHAREDLIBEXT $SHAREDLIBEXT
| #define STDC_HEADERS 1
| #define HAVE_SYS_TYPES_H 1
| #define HAVE_SYS_STAT_H 1
| #define HAVE_STDLIB_H 1
| #define HAVE_STRING_H 1
| #define HAVE_MEMORY_H 1
| #define HAVE_STRINGS_H 1
| #define HAVE_INTTYPES_H 1
| #define HAVE_STDINT_H 1
| #define HAVE_UNISTD_H 1
| #define PBYTE_ORDER PLITTLE_ENDIAN
| #define SIZEOF_INT 4
| #define HAVE_LONG_DOUBLE_WIDER 1
| #define HAVE_LONG_DOUBLE 1
| #define P_HAS_POSIX_READDIR_R 3
| #define P_HAS_RECVMSG 1
| #define P_HAS_STL_STREAMS 1
| #define P_HAS_ATOMIC_INT 1
| #define P_NEEDS_GNU_CXX_NAMESPACE 1
| #define P_HAS_SEMAPHORES 1
| #define P_PTHREADS_XPG6 1
| #define P_HAS_SEMAPHORES_XPG6 1
| #define P_HAS_RECURSIVE_MUTEX 1
| #define HAVE_REGEX_H 1
| #define P_REGEX 1
| #define HAVE_DLFCN_H 1
| #define P_DYNALINK 1
| #define P_HAS_PLUGINS 1
| #define P_DEFAULT_PLUGIN_DIR "/usr/local/lib/ptlib"
| #define P_HAS_RES_NINIT 1
| #define P_DNS 1
| #define HAVE_OPENSSL_SSL_H 1
| #define P_SSL 1
| #define HAVE_OPENSSL_AES_H 1
| #define P_SSL_AES 1
| #define P_SSL_USE_CONST 1
| #define P_TTS 1
| #define P_HAS_QOS 1
| #define P_VIDEO 1
| #define P_ASN 1
| #define P_STUN 1
| #define P_PIPECHAN 1
| #define P_DTMF 1
| #define P_WAVFILE 1
| #define P_SOCKS 1
| #define P_FTP 1
| #define P_SNMP 1
| #define P_TELNET 1
| #define P_SERIAL 1
| #define P_POP3SMTP 1
| #define P_HTTP 1
| #define P_HTTPSVC 1
| #define P_CONFIG_FILE 1
| #define P_VIDFILE 1
| #define P_AUDIO 1
| /* end confdefs.h.  */
| #include <alsa/asoundlib.h>
configure:10110: result: no
configure:10138: checking for alsa/asoundlib.h
configure:10145: result: no
configure:10154: checking for ALSA sound support
configure:10162: result: no
configure:10179: checking sys/soundcard.h usability
configure:10196: g++ -c -g -O2  -I/opt/include -I/opt/openmcu-ru/include -I/usr/include -I/usr/local/include conftest.cpp >&5
configure:10203: $? = 0
configure:10217: result: yes
configure:10221: checking sys/soundcard.h presence
configure:10236: g++ -E  -I/opt/include -I/opt/openmcu-ru/include -I/usr/include -I/usr/local/include conftest.cpp
configure:10243: $? = 0
configure:10257: result: yes
configure:10285: checking for sys/soundcard.h
configure:10292: result: yes
configure:10301: checking for OSS sound support
configure:10306: result: yes
configure:10327: checking for swab
configure:10383: g++ -o conftest -g -O2  -I/opt/include -I/opt/openmcu-ru/include -I/usr/include -I/usr/local/include  -L/opt/lib -L/opt/openmcu-ru/lib -L/usr/lib -L/usr/local/lib conftest.cpp  >&5
configure:10390: $? = 0
configure:10410: result: yes
configure:10456: ODBC support disabled
configure:10748: C++ exceptions disabled
configure:10782: checking for a BSD-compatible install
configure:10850: result: /usr/bin/install -c
configure:10976: creating ./config.status

## ---------------------- ##
## Running config.status. ##
## ---------------------- ##

This file was extended by config.status, which was
generated by GNU Autoconf 2.63.  Invocation command line was

  CONFIG_FILES    = 
  CONFIG_HEADERS  = 
  CONFIG_LINKS    = 
  CONFIG_COMMANDS = 
  $ ./config.status 

on c6dn32.localdomain

config.status:858: creating make/ptbuildopts.mak
config.status:858: creating make/ptlib-config
config.status:858: creating Makefile
config.status:858: creating include/ptbuildopts.h

## ---------------- ##
## Cache variables. ##
## ---------------- ##

ac_cv_build=i686-pc-linux-gnu
ac_cv_c_bigendian=no
ac_cv_c_long_double=yes
ac_cv_cxx_compiler_gnu=yes
ac_cv_env_CCC_set=
ac_cv_env_CCC_value=
ac_cv_env_CPPFLAGS_set=set
ac_cv_env_CPPFLAGS_value=' -I/opt/include -I/opt/openmcu-ru/include -I/usr/include -I/usr/local/include'
ac_cv_env_CXXCPP_set=
ac_cv_env_CXXCPP_value=
ac_cv_env_CXXFLAGS_set=
ac_cv_env_CXXFLAGS_value=
ac_cv_env_CXX_set=
ac_cv_env_CXX_value=
ac_cv_env_LDFLAGS_set=set
ac_cv_env_LDFLAGS_value=' -L/opt/lib -L/opt/openmcu-ru/lib -L/usr/lib -L/usr/local/lib'
ac_cv_env_LIBS_set=
ac_cv_env_LIBS_value=
ac_cv_env_build_alias_set=
ac_cv_env_build_alias_value=
ac_cv_env_host_alias_set=
ac_cv_env_host_alias_value=
ac_cv_env_target_alias_set=
ac_cv_env_target_alias_value=
ac_cv_func_regcomp=yes
ac_cv_func_res_ninit=no
ac_cv_func_swab=yes
ac_cv_header_SDL11_SDL_h=no
ac_cv_header_SDL_SDL_h=no
ac_cv_header_alsa_asoundlib_h=no
ac_cv_header_dlfcn_h=yes
ac_cv_header_inttypes_h=yes
ac_cv_header_linux_videodev_h=yes
ac_cv_header_memory_h=yes
ac_cv_header_openssl_aes_h=yes
ac_cv_header_openssl_ssl_h=yes
ac_cv_header_regex_h=yes
ac_cv_header_stdc=yes
ac_cv_header_stdint_h=yes
ac_cv_header_stdlib_h=yes
ac_cv_header_string_h=yes
ac_cv_header_strings_h=yes
ac_cv_header_sys_soundcard_h=yes
ac_cv_header_sys_stat_h=yes
ac_cv_header_sys_types_h=yes
ac_cv_header_unistd_h=yes
ac_cv_host=i686-pc-linux-gnu
ac_cv_lib_dl_dlopen=yes
ac_cv_lib_mlib_mlib_VideoColorJFIFYCC2RGB420_Nearest=no
ac_cv_lib_pthread_pthread_create=yes
ac_cv_lib_pthread_sem_timedwait=yes
ac_cv_objext=o
ac_cv_path_AR=/usr/bin/ar
ac_cv_path_BISON=/usr/bin/bison
ac_cv_path_EGREP='/bin/grep -E'
ac_cv_path_FLEX=/usr/bin/flex
ac_cv_path_GREP=/bin/grep
ac_cv_path_install='/usr/bin/install -c'
ac_cv_prog_CXXCPP='g++ -E'
ac_cv_prog_ac_ct_CXX=g++
ac_cv_prog_cxx_g=yes
ac_cv_sizeof_int=4
ac_cv_target=i686-pc-linux-gnu
ac_cv_type_long_double_wider=yes

## ----------------- ##
## Output variables. ##
## ----------------- ##

AR='/usr/bin/ar'
BISON='/usr/bin/bison'
BUILD_NUMBER='1'
BUILD_TYPE='.'
CPPFLAGS=' -I/opt/include -I/opt/openmcu-ru/include -I/usr/include -I/usr/local/include'
CXX='g++'
CXXCPP='g++ -E'
CXXFLAGS='-g -O2'
DEBUG_FLAG='-g'
DEFS='-DHAVE_CONFIG_H'
ECHO_C=''
ECHO_N='-n'
ECHO_T=''
EGREP='/bin/grep -E'
ENDLDLIBS=' -lpthread -lssl -lcrypto -lresolv -ldl'
EXEEXT=''
FLEX='/usr/bin/flex'
GREP='/bin/grep'
HAS_ALSA=''
HAS_ASN='1'
HAS_AUDIO='1'
HAS_CONFIG_FILE='1'
HAS_DTMF='1'
HAS_EXPAT=''
HAS_FTP='1'
HAS_HTTP='1'
HAS_HTTPSVC='1'
HAS_IPV6='no'
HAS_JABBER=''
HAS_ODBC=''
HAS_OPENLDAP=''
HAS_OPENSSL='1'
HAS_OSS='1'
HAS_PIPECHAN='1'
HAS_PLUGINS=''
HAS_POP3SMTP='1'
HAS_REGEX='1'
HAS_REMCONN=''
HAS_RESOLVER='1'
HAS_SASL2=''
HAS_SASL='0'
HAS_SDL=''
HAS_SERIAL='1'
HAS_SNMP='1'
HAS_SOAP=''
HAS_SOCKAGG=''
HAS_SOCKS='1'
HAS_STUN='1'
HAS_TELNET='1'
HAS_TTS='1'
HAS_VIDEO='1'
HAS_VIDEO_CAPTURE='1'
HAS_VIDFILE='1'
HAS_VXML=''
HAS_WAVFILE='1'
HAS_XMLRPC=''
INSTALLPREFIX='/usr/local'
INSTALL_DATA='${INSTALL} -m 644'
INSTALL_PROGRAM='${INSTALL}'
INSTALL_SCRIPT='${INSTALL}'
LDFLAGS=' -L/opt/lib -L/opt/openmcu-ru/lib -L/usr/lib -L/usr/local/lib'
LIBDIR='${exec_prefix}/lib'
LIBOBJS=''
LIBS=''
LTLIBOBJS=''
MACHTYPE='x86'
MAJOR_VERSION='2'
MINOR_VERSION='0'
OBJEXT='o'
OPTSTDCCFLAGS=''
OSRELEASE='"2.6.32-358.el6.i686"'
OSTYPE='linux'
PACKAGE_BUGREPORT=''
PACKAGE_NAME=''
PACKAGE_STRING=''
PACKAGE_TARNAME=''
PACKAGE_VERSION=''
PATH_SEPARATOR=':'
PTINSTDIR=''
PTLIBDIR='/opt/git/test2/libs/ptlib'
PTLIB_VERSION='2.0.1'
P_STATIC_ENDLDLIBS=''
P_STATIC_LDFLAGS=''
SHAREDLIBEXT='so'
SHELL='/bin/sh'
STDCCFLAGS=' -D_REENTRANT -fno-exceptions'
STDCXXFLAGS=''
TARGETDIR='unix'
USE_GCC='yes'
USE_PCH='1'
USE_SHM_VIDEO_DEVICES='1'
ac_ct_CXX='g++'
bindir='${exec_prefix}/bin'
build='i686-pc-linux-gnu'
build_alias=''
build_cpu='i686'
build_os='linux-gnu'
build_vendor='pc'
datadir='${datarootdir}'
datarootdir='${prefix}/share'
docdir='${datarootdir}/doc/${PACKAGE}'
dvidir='${docdir}'
exec_prefix='${prefix}'
host='i686-pc-linux-gnu'
host_alias=''
host_cpu='i686'
host_os='linux-gnu'
host_vendor='pc'
htmldir='${docdir}'
includedir='${prefix}/include'
infodir='${datarootdir}/info'
libdir='${exec_prefix}/lib'
libexecdir='${exec_prefix}/libexec'
localedir='${datarootdir}/locale'
localstatedir='${prefix}/var'
mandir='${datarootdir}/man'
oldincludedir='/usr/include'
pdfdir='${docdir}'
prefix='/usr/local'
program_transform_name='s,x,x,'
psdir='${docdir}'
sbindir='${exec_prefix}/sbin'
sharedstatedir='${prefix}/com'
sysconfdir='${prefix}/etc'
target='i686-pc-linux-gnu'
target_alias=''
target_cpu='i686'
target_os='linux-gnu'
target_vendor='pc'

## ----------- ##
## confdefs.h. ##
## ----------- ##

#define PACKAGE_NAME ""
#define PACKAGE_TARNAME ""
#define PACKAGE_VERSION ""
#define PACKAGE_STRING ""
#define PACKAGE_BUGREPORT ""
#define PTLIB_MAJOR 2
#define PTLIB_MINOR 0
#define PTLIB_BUILD 1
#define PTLIB_VERSION "2.0.1"
#define P_LINUX "2.6.32-358.el6.i686"
#define PHAS_TEMPLATES 1
#define P_PTHREADS 1
#define P_SHAREDLIBEXT $SHAREDLIBEXT
#define STDC_HEADERS 1
#define HAVE_SYS_TYPES_H 1
#define HAVE_SYS_STAT_H 1
#define HAVE_STDLIB_H 1
#define HAVE_STRING_H 1
#define HAVE_MEMORY_H 1
#define HAVE_STRINGS_H 1
#define HAVE_INTTYPES_H 1
#define HAVE_STDINT_H 1
#define HAVE_UNISTD_H 1
#define PBYTE_ORDER PLITTLE_ENDIAN
#define SIZEOF_INT 4
#define HAVE_LONG_DOUBLE_WIDER 1
#define HAVE_LONG_DOUBLE 1
#define P_HAS_POSIX_READDIR_R 3
#define P_HAS_RECVMSG 1
#define P_HAS_STL_STREAMS 1
#define P_HAS_ATOMIC_INT 1
#define P_NEEDS_GNU_CXX_NAMESPACE 1
#define P_HAS_SEMAPHORES 1
#define P_PTHREADS_XPG6 1
#define P_HAS_SEMAPHORES_XPG6 1
#define P_HAS_RECURSIVE_MUTEX 1
#define HAVE_REGEX_H 1
#define P_REGEX 1
#define HAVE_DLFCN_H 1
#define P_DYNALINK 1
#define P_HAS_PLUGINS 1
#define P_DEFAULT_PLUGIN_DIR "/usr/local/lib/ptlib"
#define P_HAS_RES_NINIT 1
#define P_DNS 1
#define HAVE_OPENSSL_SSL_H 1
#define P_SSL 1
#define HAVE_OPENSSL_AES_H 1
#define P_SSL_AES 1
#define P_SSL_USE_CONST 1
#define P_TTS 1
#define P_HAS_QOS 1
#define P_VIDEO 1
#define P_ASN 1
#define P_STUN 1
#define P_PIPECHAN 1
#define P_DTMF 1
#define P_WAVFILE 1
#define P_SOCKS 1
#define P_FTP 1
#define P_SNMP 1
#define P_TELNET 1
#define P_SERIAL 1
#define P_POP3SMTP 1
#define P_HTTP 1
#define P_HTTPSVC 1
#define P_CONFIG_FILE 1
#define P_VIDFILE 1
#define P_AUDIO 1
#define USE_SYSTEM_SWAB /**/

configure: exit 0
